
Finding differences in the override folders...
Searching first install dir: C:\Program Files (x86)\Steam\steamapps\common\Knights of the Old Republic II\override
Searching second install dir: C:\Program Files (x86)\Steam\steamapps\common\Knights of the Old Republic II - PyKotor\override
-----------------------------------------------------------------------------------------------------------------------------
Value has changed at 'hk47.dlg\EntryList\2\RepliesList\6\Index': '495' --> '471'
Value has changed at 'hk47.dlg\EntryList\2\RepliesList\7\Index': '498' --> '490'
Value has changed at 'hk47.dlg\EntryList\423\RepliesList\0\Index': '478' --> '486'
Value has changed at 'hk47.dlg\EntryList\424\RepliesList\0\Index': '485' --> '472'
Value has changed at 'hk47.dlg\EntryList\424\RepliesList\1\Index': '491' --> '477'
Value has changed at 'hk47.dlg\EntryList\424\RepliesList\2\Index': '487' --> '478'
Value has changed at 'hk47.dlg\EntryList\425\RepliesList\0\Index': '482' --> '487'
Value has changed at 'hk47.dlg\EntryList\426\RepliesList\0\Index': '490' --> '482'
Value has changed at 'hk47.dlg\EntryList\427\RepliesList\0\Index': '493' --> '481'
Value has changed at 'hk47.dlg\EntryList\428\RepliesList\0\Index': '486' --> '488'
Value has changed at 'hk47.dlg\EntryList\429\RepliesList\0\Index': '489' --> '483'
Value has changed at 'hk47.dlg\EntryList\430\RepliesList\0\Index': '488' --> '489'
Value has changed at 'hk47.dlg\EntryList\430\RepliesList\1\Index': '487' --> '478'
Value has changed at 'hk47.dlg\EntryList\431\RepliesList\0\Index': '479' --> '475'
Value has changed at 'hk47.dlg\EntryList\432\RepliesList\0\Index': '497' --> '491'
Value has changed at 'hk47.dlg\EntryList\433\RepliesList\0\Index': '485' --> '472'
Value has changed at 'hk47.dlg\EntryList\434\RepliesList\0\Index': '485' --> '472'
Value has changed at 'hk47.dlg\EntryList\434\RepliesList\1\Index': '487' --> '478'
Value has changed at 'hk47.dlg\EntryList\519\RepliesList\0\Index': '478' --> '486'
Value has changed at 'hk47.dlg\EntryList\414(-443)\RepliesList\0\Index': '496' --> '484'
Value has changed at 'hk47.dlg\EntryList\420(-442)\RepliesList\0\Index': '487' --> '478'
Value has changed at 'hk47.dlg\EntryList\420(-442)\RepliesList\1\Index': '494' --> '480'
Value has changed at 'hk47.dlg\EntryList\413(-440)\RepliesList\0\Index': '492' --> '476'
Value has changed at 'hk47.dlg\EntryList\415(-432)\RepliesList\0\Index': '484' --> '573'
Value has changed at 'hk47.dlg\EntryList\418(-431)\RepliesList\0\Index': '483' --> '479'
Value has changed at 'hk47.dlg\EntryList\417(-429)\RepliesList\0\Index': '481' --> '474'
Value has changed at 'hk47.dlg\EntryList\416(-428)\RepliesList\0\Index': '480' --> '485'
Value has changed at 'hk47.dlg\EntryList\421(-427)\RepliesList\0\Index': '478' --> '486'
Value has changed at 'hk47.dlg\EntryList\422(-426)\RepliesList\0\Index': '478' --> '486'
Value has changed at 'hk47.dlg\ReplyList\478\EntriesList\0\Index': '433' --> '428'
Value has changed at 'hk47.dlg\ReplyList\479\EntriesList\0\Index': '430' --> '425'
Value has changed at 'hk47.dlg\ReplyList\480\EntriesList\0\Index': '441' --> '427'
Value has changed at 'hk47.dlg\ReplyList\481\EntriesList\0\Index': '433' --> '428'
Value has changed at 'hk47.dlg\ReplyList\482\EntriesList\0\Index': '436' --> '429'
Value has changed at 'hk47.dlg\ReplyList\483\EntriesList\0\Index': '435' --> '430'
Value has changed at 'hk47.dlg\ReplyList\485\EntriesList\0\Index': '424' --> '431'
Value has changed at 'hk47.dlg\ReplyList\485\EntriesList\1\Index': '427' --> '421'
Value has changed at 'hk47.dlg\ReplyList\485\EntriesList\2\Index': '426' --> '422'
Value has changed at 'hk47.dlg\ReplyList\485\EntriesList\3\Index': '425' --> '423'
Value has changed at 'hk47.dlg\ReplyList\489\EntriesList\0\Index': '434' --> '433'
Value has changed at 'hk47.dlg\ReplyList\490\EntriesList\0\Index': '443' --> '414'
Value has changed at 'hk47.dlg\ReplyList\490\EntriesList\1\Index': '444' --> '432'
Value has changed at 'hk47.dlg\ReplyList\490\EntriesList\2\Index': '442' --> '420'
Value has changed at 'hk47.dlg\ReplyList\491\EntriesList\0\Index': '439' --> '434'
Value has changed at 'hk47.dlg\ReplyList\573\EntriesList\0\Index': '429' --> '417'
Value has changed at 'hk47.dlg\ReplyList\573\EntriesList\1\Index': '431' --> '418'
Value has changed at 'hk47.dlg\ReplyList\471(-495)\EntriesList\0\Index': '440' --> '413'
Value has changed at 'hk47.dlg\ReplyList\471(-495)\EntriesList\1\Index': '442' --> '420'
Value has changed at 'hk47.dlg\ReplyList\476(-492)\EntriesList\0\Index': '438' --> '424'
Value has changed at 'hk47.dlg\ReplyList\476(-492)\EntriesList\1\Index': '439' --> '434'
Value has changed at 'hk47.dlg\ReplyList\477(-491)\EntriesList\0\Index': '437' --> '426'
Value has changed at 'hk47.dlg\ReplyList\472(-485)\EntriesList\0\Index': '432' --> '415'
Value has changed at 'hk47.dlg\ReplyList\474(-481)\EntriesList\0\Index': '428' --> '416'
Value has changed at 'hk47.dlg\ReplyList\475(-479)\EntriesList\0\Index': '423' --> '519'
^ hk47.dlg: GFF is different ^
------------------------------
File hashes differ: ..\..\..\Knights of the Old Republic II\override\hk_repair.ncs ..\..\..\Knights of the Old Republic II - PyKotor\override\hk_repair.ncs
Finding differences in the modules folders...
Searching first install dir: C:\Program Files (x86)\Steam\steamapps\common\Knights of the Old Republic II\modules
Searching second install dir: C:\Program Files (x86)\Steam\steamapps\common\Knights of the Old Republic II - PyKotor\modules
----------------------------------------------------------------------------------------------------------------------------
Extra field found at '301nar.mod\arrival.DLG\EntryList\22\CameraID'. Field Type: '5' Value: '-1'
	in 301nar.mod	arrival	DLG
-----------------------------------
GFFList counts have changed at: '301nar.mod\attwarn2.DLG\ReplyList\23\EntriesList'
Old list length: '2'
New list length: '1'

Missing GFFStruct with struct ID '1' in GFFList: '301nar.mod\attwarn2.DLG\ReplyList\23\EntriesList'
Contents of old struct:
Label: Index FieldType: 4 Value: '9'
Label: Active FieldType: 11 Value: ''
Label: Active2 FieldType: 11 Value: ''
Label: Param1 FieldType: 5 Value: '0'
Label: Param2 FieldType: 5 Value: '0'
Label: Param3 FieldType: 5 Value: '0'
Label: Param4 FieldType: 5 Value: '0'
Label: Param5 FieldType: 5 Value: '0'
Label: Param1b FieldType: 5 Value: '0'
Label: Param2b FieldType: 5 Value: '0'
Label: Param3b FieldType: 5 Value: '0'
Label: Param4b FieldType: 5 Value: '0'
Label: Param5b FieldType: 5 Value: '0'
Label: Not FieldType: 0 Value: '0'
Label: Not2 FieldType: 0 Value: '0'
Label: Logic FieldType: 5 Value: '0'
Label: ParamStrA FieldType: 10 Value: ''
Label: ParamStrB FieldType: 10 Value: ''
Label: IsChild FieldType: 0 Value: '0'

Value has changed at '301nar.mod\attwarn2.DLG\ReplyList\23\EntriesList\0\Index': '10' --> '9'
	in 301nar.mod	attwarn2	DLG
-------------------------------------------
GFFList counts have changed at: '610dan.mod\disc_enc.DLG\EntryList'
Old list length: '123'
New list length: '124'

Extra GFFStruct exists with struct ID '29' in GFFList: '610dan.mod\disc_enc.DLG\EntryList'
Contents of new struct:
Label: Speaker FieldType: 10 Value: 'Atton'
Label: AnimList FieldType: 15 Value: '<pykotor.resource.formats.gff.gff_data.GFFList object at 0x000002BEEEA2FD50>'
Label: Text FieldType: 12 Value: '111170'
Label: VO_ResRef FieldType: 11 Value: ''
Label: Script FieldType: 11 Value: ''
Label: Script2 FieldType: 11 Value: ''
Label: ActionParam1 FieldType: 5 Value: '0'
Label: ActionParam2 FieldType: 5 Value: '0'
Label: ActionParam3 FieldType: 5 Value: '0'
Label: ActionParam4 FieldType: 5 Value: '0'
Label: ActionParam5 FieldType: 5 Value: '0'
Label: ActionParam1b FieldType: 5 Value: '0'
Label: ActionParam2b FieldType: 5 Value: '0'
Label: ActionParam3b FieldType: 5 Value: '0'
Label: ActionParam4b FieldType: 5 Value: '0'
Label: ActionParam5b FieldType: 5 Value: '0'
Label: ActionParamStrA FieldType: 10 Value: ''
Label: ActionParamStrB FieldType: 10 Value: ''
Label: NodeUnskippable FieldType: 5 Value: '0'
Label: Delay FieldType: 4 Value: '2'
Label: Comment FieldType: 10 Value: ''
Label: Sound FieldType: 11 Value: ''
Label: Quest FieldType: 10 Value: ''
Label: PlotIndex FieldType: 5 Value: '-1'
Label: PlotXPPercentage FieldType: 8 Value: '1.0'
Label: PostProcNode FieldType: 5 Value: '0'
Label: AlienRaceNode FieldType: 5 Value: '0'
Label: Emotion FieldType: 5 Value: '4'
Label: RecordVO FieldType: 5 Value: '0'
Label: RecordNoVOOverri FieldType: 5 Value: '1'
Label: FacialAnim FieldType: 5 Value: '0'
Label: Listener FieldType: 10 Value: ''
Label: WaitFlags FieldType: 4 Value: '0'
Label: CameraAngle FieldType: 4 Value: '1'
Label: CamHeightOffset FieldType: 8 Value: '0.0'
Label: TarHeightOffset FieldType: 8 Value: '0.0'
Label: CamVidEffect FieldType: 5 Value: '-1'
Label: FadeType FieldType: 0 Value: '0'
Label: NodeID FieldType: 5 Value: '0'
Label: VOTextChanged FieldType: 0 Value: '1'
Label: Changed FieldType: 0 Value: '1'
Label: RepliesList FieldType: 15 Value: '<pykotor.resource.formats.gff.gff_data.GFFList object at 0x000002BEEEA884C0>'
Label: SoundExists FieldType: 0 Value: '0'
Label: CameraID FieldType: 5 Value: '-1'

Extra field found at '610dan.mod\disc_enc.DLG\EntryList\27\SoundExists'. Field Type: '0' Value: '0'
Extra field found at '610dan.mod\disc_enc.DLG\EntryList\27\CameraID'. Field Type: '5' Value: '-1'
Extra field found at '610dan.mod\disc_enc.DLG\EntryList\29\SoundExists'. Field Type: '0' Value: '0'
Extra field found at '610dan.mod\disc_enc.DLG\EntryList\29\CameraID'. Field Type: '5' Value: '-1'
Missing field at '610dan.mod\disc_enc.DLG\EntryList\51\CameraID'. Field Type: 'None' Value: 'None'
Value has changed at '610dan.mod\disc_enc.DLG\ReplyList\36\EntriesList\1\Active2': '' --> 'c_isfemale'
Value has changed at '610dan.mod\disc_enc.DLG\ReplyList\37\EntriesList\1\Active2': '' --> 'c_isfemale'
GFFList counts have changed at: '610dan.mod\disc_enc.DLG\ReplyList\38\EntriesList'
Old list length: '2'
New list length: '3'

Extra GFFStruct exists with struct ID '2' in GFFList: '610dan.mod\disc_enc.DLG\ReplyList\38\EntriesList'
Contents of new struct:
Label: Index FieldType: 4 Value: '122'
Label: Active FieldType: 11 Value: ''
Label: IsChild FieldType: 0 Value: '0'
Label: Active2 FieldType: 11 Value: ''
Label: Param1 FieldType: 5 Value: '0'
Label: Param1b FieldType: 5 Value: '0'
Label: Param2 FieldType: 5 Value: '0'
Label: Param2b FieldType: 5 Value: '0'
Label: Param3 FieldType: 5 Value: '0'
Label: Param3b FieldType: 5 Value: '0'
Label: Param4 FieldType: 5 Value: '0'
Label: Param4b FieldType: 5 Value: '0'
Label: Param5 FieldType: 5 Value: '0'
Label: Param5b FieldType: 5 Value: '0'
Label: ParamStrA FieldType: 10 Value: ''
Label: ParamStrB FieldType: 10 Value: ''
Label: Not FieldType: 0 Value: '0'
Label: Not2 FieldType: 0 Value: '0'
Label: Logic FieldType: 5 Value: '0'

Value has changed at '610dan.mod\disc_enc.DLG\ReplyList\38\EntriesList\0\Active2': '' --> 'c_isfemale'
Value has changed at '610dan.mod\disc_enc.DLG\ReplyList\38\EntriesList\1\Active': '' --> 'c_con_attonpm'
Value has changed at '610dan.mod\disc_enc.DLG\ReplyList\38\EntriesList\1\Index': '122' --> '123'
Value has changed at '610dan.mod\disc_enc.DLG\ReplyList\40\EntriesList\1\Active2': '' --> 'c_isfemale'
Value has changed at '610dan.mod\disc_enc.DLG\ReplyList\61\EntriesList\0\Param1': '1' --> '0'
	in 610dan.mod	disc_enc	DLG
-------------------------------------------
Value has changed at '610dan.mod\jorran.DLG\EditorInfo': 'v2.3.0 Aug 29, 2006 LastEdit: 01-Mar-14 21:00:37' --> 'v2.3.2 Apr 30, 2008 LastEdit: 15-Aug-16 21:50:37'
	in 610dan.mod	jorran	DLG
-----------------------------------
GFFList counts have changed at: '003ebo.mod\pcdead2.DLG\ReplyList\2\EntriesList'
Old list length: '4'
New list length: '5'

Extra GFFStruct exists with struct ID '3' in GFFList: '003ebo.mod\pcdead2.DLG\ReplyList\2\EntriesList'
Contents of new struct:
Label: Index FieldType: 4 Value: '4'
Label: Active FieldType: 11 Value: ''
Label: Active2 FieldType: 11 Value: ''
Label: Param1 FieldType: 5 Value: '0'
Label: Param2 FieldType: 5 Value: '0'
Label: Param3 FieldType: 5 Value: '0'
Label: Param4 FieldType: 5 Value: '0'
Label: Param5 FieldType: 5 Value: '0'
Label: Param1b FieldType: 5 Value: '0'
Label: Param2b FieldType: 5 Value: '0'
Label: Param3b FieldType: 5 Value: '0'
Label: Param4b FieldType: 5 Value: '0'
Label: Param5b FieldType: 5 Value: '0'
Label: Not FieldType: 0 Value: '0'
Label: Not2 FieldType: 0 Value: '0'
Label: Logic FieldType: 5 Value: '0'
Label: ParamStrA FieldType: 10 Value: ''
Label: ParamStrB FieldType: 10 Value: ''
Label: IsChild FieldType: 0 Value: '0'

	in 003ebo.mod	pcdead2	DLG
-----------------------------------
GFFList counts have changed at: '003ebo.mod\kredisc3.DLG\EntryList'
Old list length: '28'
New list length: '29'

Extra GFFStruct exists with struct ID '27' in GFFList: '003ebo.mod\kredisc3.DLG\EntryList'
Contents of new struct:
Label: Speaker FieldType: 10 Value: 'Kreia'
Label: Listener FieldType: 10 Value: ''
Label: AnimList FieldType: 15 Value: '<pykotor.resource.formats.gff.gff_data.GFFList object at 0x000002BEEBCB8AB0>'
Label: Text FieldType: 12 Value: '136408'
Label: VO_ResRef FieldType: 11 Value: '003kredisc3023'
Label: Script FieldType: 11 Value: ''
Label: Delay FieldType: 4 Value: '4294967295'
Label: Comment FieldType: 10 Value: ''
Label: Sound FieldType: 11 Value: ''
Label: Quest FieldType: 10 Value: ''
Label: PlotIndex FieldType: 5 Value: '-1'
Label: PlotXPPercentage FieldType: 8 Value: '1.0'
Label: WaitFlags FieldType: 4 Value: '0'
Label: CameraAngle FieldType: 4 Value: '0'
Label: FadeType FieldType: 0 Value: '0'
Label: RepliesList FieldType: 15 Value: '<pykotor.resource.formats.gff.gff_data.GFFList object at 0x000002BEEBCBA270>'
Label: SoundExists FieldType: 0 Value: '0'
Label: ActionParam1 FieldType: 5 Value: '0'
Label: ActionParam1b FieldType: 5 Value: '0'
Label: ActionParam2 FieldType: 5 Value: '0'
Label: ActionParam2b FieldType: 5 Value: '0'
Label: ActionParam3 FieldType: 5 Value: '0'
Label: ActionParam3b FieldType: 5 Value: '0'
Label: ActionParam4 FieldType: 5 Value: '0'
Label: ActionParam4b FieldType: 5 Value: '0'
Label: ActionParam5 FieldType: 5 Value: '0'
Label: ActionParam5b FieldType: 5 Value: '0'
Label: ActionParamStrA FieldType: 10 Value: ''
Label: ActionParamStrB FieldType: 10 Value: ''
Label: AlienRaceNode FieldType: 5 Value: '0'
Label: CamVidEffect FieldType: 5 Value: '-1'
Label: Changed FieldType: 0 Value: '0'
Label: Emotion FieldType: 5 Value: '4'
Label: FacialAnim FieldType: 5 Value: '0'
Label: NodeID FieldType: 5 Value: '0'
Label: NodeUnskippable FieldType: 5 Value: '0'
Label: PostProcNode FieldType: 5 Value: '0'
Label: RecordNoOverri FieldType: 5 Value: '0'
Label: RecordVO FieldType: 5 Value: '0'
Label: Script2 FieldType: 11 Value: ''
Label: VOTextChanged FieldType: 5 Value: '0'
Label: CameraID FieldType: 5 Value: '-1'
Label: RecordNoVOOverri FieldType: 5 Value: '0'

Value has changed at '003ebo.mod\kredisc3.DLG\EntryList\27\Text': '136408' --> '0'
GFFList counts have changed at: '003ebo.mod\kredisc3.DLG\ReplyList\21\EntriesList'
Old list length: '2'
New list length: '3'

Extra GFFStruct exists with struct ID '1' in GFFList: '003ebo.mod\kredisc3.DLG\ReplyList\21\EntriesList'
Contents of new struct:
Label: Index FieldType: 4 Value: '27'
Label: Active FieldType: 11 Value: ''
Label: IsChild FieldType: 0 Value: '0'
Label: Active2 FieldType: 11 Value: ''
Label: Param1 FieldType: 5 Value: '0'
Label: Param1b FieldType: 5 Value: '0'
Label: Param2 FieldType: 5 Value: '0'
Label: Param2b FieldType: 5 Value: '0'
Label: Param3 FieldType: 5 Value: '0'
Label: Param3b FieldType: 5 Value: '0'
Label: Param4 FieldType: 5 Value: '0'
Label: Param4b FieldType: 5 Value: '0'
Label: Param5 FieldType: 5 Value: '0'
Label: Param5b FieldType: 5 Value: '0'
Label: ParamStrA FieldType: 10 Value: ''
Label: ParamStrB FieldType: 10 Value: ''
Label: Not FieldType: 0 Value: '0'
Label: Not2 FieldType: 0 Value: '0'
Label: Logic FieldType: 5 Value: '0'

	in 003ebo.mod	kredisc3	DLG
-------------------------------------------
GFFList counts have changed at: '006ebo.mod\visasend.DLG\EntryList'
Old list length: '60'
New list length: '63'

Extra GFFStruct exists with struct ID '59' in GFFList: '006ebo.mod\visasend.DLG\EntryList'
Contents of new struct:
Label: Speaker FieldType: 10 Value: ''
Label: Listener FieldType: 10 Value: ''
Label: AnimList FieldType: 15 Value: '<pykotor.resource.formats.gff.gff_data.GFFList object at 0x000002BEED30F490>'
Label: Text FieldType: 12 Value: '-1'
Label: VO_ResRef FieldType: 11 Value: ''
Label: Script FieldType: 11 Value: 'discstartvis'
Label: Delay FieldType: 4 Value: '4294967295'
Label: Comment FieldType: 10 Value: ''
Label: Sound FieldType: 11 Value: ''
Label: Quest FieldType: 10 Value: ''
Label: PlotIndex FieldType: 5 Value: '-1'
Label: PlotXPPercentage FieldType: 8 Value: '1.0'
Label: WaitFlags FieldType: 4 Value: '0'
Label: CameraAngle FieldType: 4 Value: '0'
Label: FadeType FieldType: 0 Value: '0'
Label: RepliesList FieldType: 15 Value: '<pykotor.resource.formats.gff.gff_data.GFFList object at 0x000002BEED30D320>'
Label: SoundExists FieldType: 0 Value: '0'
Label: ActionParam1 FieldType: 5 Value: '0'
Label: ActionParam1b FieldType: 5 Value: '0'
Label: ActionParam2 FieldType: 5 Value: '0'
Label: ActionParam2b FieldType: 5 Value: '0'
Label: ActionParam3 FieldType: 5 Value: '0'
Label: ActionParam3b FieldType: 5 Value: '0'
Label: ActionParam4 FieldType: 5 Value: '0'
Label: ActionParam4b FieldType: 5 Value: '0'
Label: ActionParam5 FieldType: 5 Value: '0'
Label: ActionParam5b FieldType: 5 Value: '0'
Label: ActionParamStrA FieldType: 10 Value: ''
Label: ActionParamStrB FieldType: 10 Value: ''
Label: AlienRaceNode FieldType: 5 Value: '0'
Label: CamVidEffect FieldType: 5 Value: '-1'
Label: Changed FieldType: 0 Value: '0'
Label: Emotion FieldType: 5 Value: '4'
Label: FacialAnim FieldType: 5 Value: '0'
Label: NodeID FieldType: 5 Value: '0'
Label: NodeUnskippable FieldType: 5 Value: '0'
Label: PostProcNode FieldType: 5 Value: '0'
Label: RecordNoOverri FieldType: 5 Value: '0'
Label: RecordVO FieldType: 5 Value: '0'
Label: Script2 FieldType: 11 Value: ''
Label: VOTextChanged FieldType: 5 Value: '0'
Label: CameraID FieldType: 5 Value: '-1'
Label: RecordNoVOOverri FieldType: 5 Value: '0'

Extra GFFStruct exists with struct ID '58' in GFFList: '006ebo.mod\visasend.DLG\EntryList'
Contents of new struct:
Label: Speaker FieldType: 10 Value: ''
Label: Listener FieldType: 10 Value: ''
Label: AnimList FieldType: 15 Value: '<pykotor.resource.formats.gff.gff_data.GFFList object at 0x000002BEEEB06A90>'
Label: Text FieldType: 12 Value: '-1'
Label: VO_ResRef FieldType: 11 Value: ''
Label: Script FieldType: 11 Value: 'a_load262'
Label: Delay FieldType: 4 Value: '4294967295'
Label: Comment FieldType: 10 Value: ''
Label: Sound FieldType: 11 Value: ''
Label: Quest FieldType: 10 Value: ''
Label: PlotIndex FieldType: 5 Value: '-1'
Label: PlotXPPercentage FieldType: 8 Value: '1.0'
Label: WaitFlags FieldType: 4 Value: '0'
Label: CameraAngle FieldType: 4 Value: '0'
Label: FadeType FieldType: 0 Value: '0'
Label: RepliesList FieldType: 15 Value: '<pykotor.resource.formats.gff.gff_data.GFFList object at 0x000002BEEEB04330>'
Label: SoundExists FieldType: 0 Value: '0'
Label: ActionParam1 FieldType: 5 Value: '0'
Label: ActionParam1b FieldType: 5 Value: '0'
Label: ActionParam2 FieldType: 5 Value: '0'
Label: ActionParam2b FieldType: 5 Value: '0'
Label: ActionParam3 FieldType: 5 Value: '0'
Label: ActionParam3b FieldType: 5 Value: '0'
Label: ActionParam4 FieldType: 5 Value: '0'
Label: ActionParam4b FieldType: 5 Value: '0'
Label: ActionParam5 FieldType: 5 Value: '0'
Label: ActionParam5b FieldType: 5 Value: '0'
Label: ActionParamStrA FieldType: 10 Value: ''
Label: ActionParamStrB FieldType: 10 Value: ''
Label: AlienRaceNode FieldType: 5 Value: '0'
Label: CamVidEffect FieldType: 5 Value: '-1'
Label: Changed FieldType: 0 Value: '0'
Label: Emotion FieldType: 5 Value: '4'
Label: FacialAnim FieldType: 5 Value: '0'
Label: NodeID FieldType: 5 Value: '0'
Label: NodeUnskippable FieldType: 5 Value: '0'
Label: PostProcNode FieldType: 5 Value: '0'
Label: RecordNoOverri FieldType: 5 Value: '0'
Label: RecordVO FieldType: 5 Value: '0'
Label: Script2 FieldType: 11 Value: ''
Label: VOTextChanged FieldType: 5 Value: '0'
Label: CameraID FieldType: 5 Value: '-1'
Label: RecordNoVOOverri FieldType: 5 Value: '0'

Extra GFFStruct exists with struct ID '57' in GFFList: '006ebo.mod\visasend.DLG\EntryList'
Contents of new struct:
Label: Speaker FieldType: 10 Value: ''
Label: Listener FieldType: 10 Value: ''
Label: AnimList FieldType: 15 Value: '<pykotor.resource.formats.gff.gff_data.GFFList object at 0x000002BEEB2C6720>'
Label: Text FieldType: 12 Value: '-1'
Label: VO_ResRef FieldType: 11 Value: ''
Label: Script FieldType: 11 Value: 'discadm'
Label: Delay FieldType: 4 Value: '4294967295'
Label: Comment FieldType: 10 Value: ''
Label: Sound FieldType: 11 Value: ''
Label: Quest FieldType: 10 Value: ''
Label: PlotIndex FieldType: 5 Value: '-1'
Label: PlotXPPercentage FieldType: 8 Value: '1.0'
Label: WaitFlags FieldType: 4 Value: '0'
Label: CameraAngle FieldType: 4 Value: '0'
Label: FadeType FieldType: 0 Value: '0'
Label: RepliesList FieldType: 15 Value: '<pykotor.resource.formats.gff.gff_data.GFFList object at 0x000002BEEB2C7120>'
Label: SoundExists FieldType: 0 Value: '0'
Label: ActionParam1 FieldType: 5 Value: '0'
Label: ActionParam1b FieldType: 5 Value: '0'
Label: ActionParam2 FieldType: 5 Value: '0'
Label: ActionParam2b FieldType: 5 Value: '0'
Label: ActionParam3 FieldType: 5 Value: '0'
Label: ActionParam3b FieldType: 5 Value: '0'
Label: ActionParam4 FieldType: 5 Value: '0'
Label: ActionParam4b FieldType: 5 Value: '0'
Label: ActionParam5 FieldType: 5 Value: '0'
Label: ActionParam5b FieldType: 5 Value: '0'
Label: ActionParamStrA FieldType: 10 Value: ''
Label: ActionParamStrB FieldType: 10 Value: ''
Label: AlienRaceNode FieldType: 5 Value: '0'
Label: CamVidEffect FieldType: 5 Value: '-1'
Label: Changed FieldType: 0 Value: '0'
Label: Emotion FieldType: 5 Value: '4'
Label: FacialAnim FieldType: 5 Value: '0'
Label: NodeID FieldType: 5 Value: '0'
Label: NodeUnskippable FieldType: 5 Value: '0'
Label: PostProcNode FieldType: 5 Value: '0'
Label: RecordNoOverri FieldType: 5 Value: '0'
Label: RecordVO FieldType: 5 Value: '0'
Label: Script2 FieldType: 11 Value: ''
Label: VOTextChanged FieldType: 5 Value: '0'
Label: CameraID FieldType: 5 Value: '-1'
Label: RecordNoVOOverri FieldType: 5 Value: '0'

Value has changed at '006ebo.mod\visasend.DLG\EntryList\57\Text': '-1' --> ''
Value has changed at '006ebo.mod\visasend.DLG\EntryList\58\Text': '-1' --> ''
Value has changed at '006ebo.mod\visasend.DLG\EntryList\59\Text': '-1' --> ''
GFFList counts have changed at: '006ebo.mod\visasend.DLG\ReplyList'
Old list length: '80'
New list length: '81'

Extra GFFStruct exists with struct ID '79' in GFFList: '006ebo.mod\visasend.DLG\ReplyList'
Contents of new struct:
Label: Listener FieldType: 10 Value: ''
Label: AnimList FieldType: 15 Value: '<pykotor.resource.formats.gff.gff_data.GFFList object at 0x000002BEEEAA4EC0>'
Label: Text FieldType: 12 Value: '-1'
Label: VO_ResRef FieldType: 11 Value: ''
Label: Script FieldType: 11 Value: ''
Label: Delay FieldType: 4 Value: '4294967295'
Label: Comment FieldType: 10 Value: ''
Label: Sound FieldType: 11 Value: ''
Label: Quest FieldType: 10 Value: ''
Label: PlotIndex FieldType: 5 Value: '-1'
Label: PlotXPPercentage FieldType: 8 Value: '1.0'
Label: WaitFlags FieldType: 4 Value: '0'
Label: CameraAngle FieldType: 4 Value: '0'
Label: FadeType FieldType: 0 Value: '0'
Label: EntriesList FieldType: 15 Value: '<pykotor.resource.formats.gff.gff_data.GFFList object at 0x000002BEEEAA6810>'
Label: SoundExists FieldType: 0 Value: '0'
Label: ActionParam1 FieldType: 5 Value: '0'
Label: ActionParam1b FieldType: 5 Value: '0'
Label: ActionParam2 FieldType: 5 Value: '0'
Label: ActionParam2b FieldType: 5 Value: '0'
Label: ActionParam3 FieldType: 5 Value: '0'
Label: ActionParam3b FieldType: 5 Value: '0'
Label: ActionParam4 FieldType: 5 Value: '0'
Label: ActionParam4b FieldType: 5 Value: '0'
Label: ActionParam5 FieldType: 5 Value: '0'
Label: ActionParam5b FieldType: 5 Value: '0'
Label: ActionParamStrA FieldType: 10 Value: ''
Label: ActionParamStrB FieldType: 10 Value: ''
Label: AlienRaceNode FieldType: 5 Value: '0'
Label: CamVidEffect FieldType: 5 Value: '-1'
Label: Changed FieldType: 0 Value: '0'
Label: Emotion FieldType: 5 Value: '4'
Label: FacialAnim FieldType: 5 Value: '0'
Label: NodeID FieldType: 5 Value: '0'
Label: NodeUnskippable FieldType: 5 Value: '0'
Label: PostProcNode FieldType: 5 Value: '0'
Label: RecordNoOverri FieldType: 5 Value: '0'
Label: RecordVO FieldType: 5 Value: '0'
Label: Script2 FieldType: 11 Value: ''
Label: VOTextChanged FieldType: 5 Value: '0'

GFFList counts have changed at: '006ebo.mod\visasend.DLG\ReplyList\30\EntriesList'
Old list length: '2'
New list length: '4'

Extra GFFStruct exists with struct ID '1' in GFFList: '006ebo.mod\visasend.DLG\ReplyList\30\EntriesList'
Contents of new struct:
Label: Index FieldType: 4 Value: '58'
Label: Active FieldType: 11 Value: ''
Label: IsChild FieldType: 0 Value: '0'
Label: Active2 FieldType: 11 Value: ''
Label: Param1 FieldType: 5 Value: '0'
Label: Param1b FieldType: 5 Value: '0'
Label: Param2 FieldType: 5 Value: '0'
Label: Param2b FieldType: 5 Value: '0'
Label: Param3 FieldType: 5 Value: '0'
Label: Param3b FieldType: 5 Value: '0'
Label: Param4 FieldType: 5 Value: '0'
Label: Param4b FieldType: 5 Value: '0'
Label: Param5 FieldType: 5 Value: '0'
Label: Param5b FieldType: 5 Value: '0'
Label: ParamStrA FieldType: 10 Value: ''
Label: ParamStrB FieldType: 10 Value: ''
Label: Not FieldType: 0 Value: '0'
Label: Not2 FieldType: 0 Value: '0'
Label: Logic FieldType: 5 Value: '0'

Extra GFFStruct exists with struct ID '0' in GFFList: '006ebo.mod\visasend.DLG\ReplyList\30\EntriesList'
Contents of new struct:
Label: Index FieldType: 4 Value: '57'
Label: Active FieldType: 11 Value: 'c_npc_avail'
Label: IsChild FieldType: 0 Value: '0'
Label: Active2 FieldType: 11 Value: ''
Label: Param1 FieldType: 5 Value: '11'
Label: Param1b FieldType: 5 Value: '0'
Label: Param2 FieldType: 5 Value: '0'
Label: Param2b FieldType: 5 Value: '0'
Label: Param3 FieldType: 5 Value: '0'
Label: Param3b FieldType: 5 Value: '0'
Label: Param4 FieldType: 5 Value: '0'
Label: Param4b FieldType: 5 Value: '0'
Label: Param5 FieldType: 5 Value: '0'
Label: Param5b FieldType: 5 Value: '0'
Label: ParamStrA FieldType: 10 Value: ''
Label: ParamStrB FieldType: 10 Value: ''
Label: Not FieldType: 0 Value: '0'
Label: Not2 FieldType: 0 Value: '0'
Label: Logic FieldType: 5 Value: '0'

GFFList counts have changed at: '006ebo.mod\visasend.DLG\ReplyList\35\EntriesList'
Old list length: '2'
New list length: '4'

Extra GFFStruct exists with struct ID '1' in GFFList: '006ebo.mod\visasend.DLG\ReplyList\35\EntriesList'
Contents of new struct:
Label: Index FieldType: 4 Value: '58'
Label: Active FieldType: 11 Value: ''
Label: IsChild FieldType: 0 Value: '0'
Label: Active2 FieldType: 11 Value: ''
Label: Param1 FieldType: 5 Value: '0'
Label: Param1b FieldType: 5 Value: '0'
Label: Param2 FieldType: 5 Value: '0'
Label: Param2b FieldType: 5 Value: '0'
Label: Param3 FieldType: 5 Value: '0'
Label: Param3b FieldType: 5 Value: '0'
Label: Param4 FieldType: 5 Value: '0'
Label: Param4b FieldType: 5 Value: '0'
Label: Param5 FieldType: 5 Value: '0'
Label: Param5b FieldType: 5 Value: '0'
Label: ParamStrA FieldType: 10 Value: ''
Label: ParamStrB FieldType: 10 Value: ''
Label: Not FieldType: 0 Value: '0'
Label: Not2 FieldType: 0 Value: '0'
Label: Logic FieldType: 5 Value: '0'

Extra GFFStruct exists with struct ID '0' in GFFList: '006ebo.mod\visasend.DLG\ReplyList\35\EntriesList'
Contents of new struct:
Label: Index FieldType: 4 Value: '57'
Label: Active FieldType: 11 Value: 'c_npc_avail'
Label: IsChild FieldType: 0 Value: '0'
Label: Active2 FieldType: 11 Value: ''
Label: Param1 FieldType: 5 Value: '11'
Label: Param1b FieldType: 5 Value: '0'
Label: Param2 FieldType: 5 Value: '0'
Label: Param2b FieldType: 5 Value: '0'
Label: Param3 FieldType: 5 Value: '0'
Label: Param3b FieldType: 5 Value: '0'
Label: Param4 FieldType: 5 Value: '0'
Label: Param4b FieldType: 5 Value: '0'
Label: Param5 FieldType: 5 Value: '0'
Label: Param5b FieldType: 5 Value: '0'
Label: ParamStrA FieldType: 10 Value: ''
Label: ParamStrB FieldType: 10 Value: ''
Label: Not FieldType: 0 Value: '0'
Label: Not2 FieldType: 0 Value: '0'
Label: Logic FieldType: 5 Value: '0'

Value has changed at '006ebo.mod\visasend.DLG\ReplyList\79\Text': '-1' --> ''
	in 006ebo.mod	visasend	DLG
-------------------------------------------
Value has changed at '903mal.mod\903sion.DLG\EditorInfo': 'v2.3.2 Apr 30, 2008 LastEdit: 06-Aug-22 17:55:51' --> 'v2.3.0 Aug 29, 2006 LastEdit: 22-Jul-12 13:45:00'
Missing field at '903mal.mod\903sion.DLG\EntryList\111\SoundExists'. Field Type: 'None' Value: 'None'
Value has changed at '903mal.mod\903sion.DLG\EntryList\111\Script2': 'a_sionposfix' --> ''
	in 903mal.mod	903sion	DLG
-----------------------------------
GFFList counts have changed at: '402dxn.mod\kumus.DLG\EntryList'
Old list length: '51'
New list length: '53'

Extra GFFStruct exists with struct ID '14' in GFFList: '402dxn.mod\kumus.DLG\EntryList'
Contents of new struct:
Label: Speaker FieldType: 10 Value: 'Disciple'
Label: AnimList FieldType: 15 Value: '<pykotor.resource.formats.gff.gff_data.GFFList object at 0x000002BEECF84AB0>'
Label: Text FieldType: 12 Value: '0'
Label: VO_ResRef FieldType: 11 Value: '402kumus047'
Label: Script FieldType: 11 Value: ''
Label: Script2 FieldType: 11 Value: ''
Label: ActionParam1 FieldType: 5 Value: '0'
Label: ActionParam2 FieldType: 5 Value: '0'
Label: ActionParam3 FieldType: 5 Value: '0'
Label: ActionParam4 FieldType: 5 Value: '0'
Label: ActionParam5 FieldType: 5 Value: '0'
Label: ActionParam1b FieldType: 5 Value: '0'
Label: ActionParam2b FieldType: 5 Value: '0'
Label: ActionParam3b FieldType: 5 Value: '0'
Label: ActionParam4b FieldType: 5 Value: '0'
Label: ActionParam5b FieldType: 5 Value: '0'
Label: ActionParamStrA FieldType: 10 Value: ''
Label: ActionParamStrB FieldType: 10 Value: ''
Label: NodeUnskippable FieldType: 5 Value: '0'
Label: Delay FieldType: 4 Value: '4294967295'
Label: Comment FieldType: 10 Value: ''
Label: Sound FieldType: 11 Value: ''
Label: Quest FieldType: 10 Value: ''
Label: PlotIndex FieldType: 5 Value: '-1'
Label: PlotXPPercentage FieldType: 8 Value: '1.0'
Label: PostProcNode FieldType: 5 Value: '0'
Label: AlienRaceNode FieldType: 5 Value: '0'
Label: Emotion FieldType: 5 Value: '4'
Label: RecordVO FieldType: 5 Value: '0'
Label: RecordNoVOOverri FieldType: 5 Value: '0'
Label: FacialAnim FieldType: 5 Value: '0'
Label: Listener FieldType: 10 Value: ''
Label: WaitFlags FieldType: 4 Value: '0'
Label: CameraAngle FieldType: 4 Value: '0'
Label: CamVidEffect FieldType: 5 Value: '-1'
Label: FadeType FieldType: 0 Value: '0'
Label: NodeID FieldType: 5 Value: '40'
Label: VOTextChanged FieldType: 0 Value: '0'
Label: Changed FieldType: 0 Value: '0'
Label: RepliesList FieldType: 15 Value: '<pykotor.resource.formats.gff.gff_data.GFFList object at 0x000002BEECF85A50>'
Label: SoundExists FieldType: 0 Value: '1'
Label: CameraID FieldType: 5 Value: '-1'

Extra GFFStruct exists with struct ID '16' in GFFList: '402dxn.mod\kumus.DLG\EntryList'
Contents of new struct:
Label: Speaker FieldType: 10 Value: 'Handmaiden'
Label: AnimList FieldType: 15 Value: '<pykotor.resource.formats.gff.gff_data.GFFList object at 0x000002BEECEC64A0>'
Label: Text FieldType: 12 Value: '136402'
Label: VO_ResRef FieldType: 11 Value: '402kumus046'
Label: Script FieldType: 11 Value: ''
Label: Script2 FieldType: 11 Value: ''
Label: ActionParam1 FieldType: 5 Value: '0'
Label: ActionParam2 FieldType: 5 Value: '0'
Label: ActionParam3 FieldType: 5 Value: '0'
Label: ActionParam4 FieldType: 5 Value: '0'
Label: ActionParam5 FieldType: 5 Value: '0'
Label: ActionParam1b FieldType: 5 Value: '0'
Label: ActionParam2b FieldType: 5 Value: '0'
Label: ActionParam3b FieldType: 5 Value: '0'
Label: ActionParam4b FieldType: 5 Value: '0'
Label: ActionParam5b FieldType: 5 Value: '0'
Label: ActionParamStrA FieldType: 10 Value: ''
Label: ActionParamStrB FieldType: 10 Value: ''
Label: NodeUnskippable FieldType: 5 Value: '0'
Label: Delay FieldType: 4 Value: '4294967295'
Label: Comment FieldType: 10 Value: ''
Label: Sound FieldType: 11 Value: ''
Label: Quest FieldType: 10 Value: ''
Label: PlotIndex FieldType: 5 Value: '-1'
Label: PlotXPPercentage FieldType: 8 Value: '1.0'
Label: PostProcNode FieldType: 5 Value: '0'
Label: AlienRaceNode FieldType: 5 Value: '0'
Label: Emotion FieldType: 5 Value: '4'
Label: RecordVO FieldType: 5 Value: '0'
Label: RecordNoVOOverri FieldType: 5 Value: '0'
Label: FacialAnim FieldType: 5 Value: '0'
Label: Listener FieldType: 10 Value: ''
Label: WaitFlags FieldType: 4 Value: '0'
Label: CameraAngle FieldType: 4 Value: '0'
Label: CamVidEffect FieldType: 5 Value: '-1'
Label: FadeType FieldType: 0 Value: '0'
Label: NodeID FieldType: 5 Value: '38'
Label: VOTextChanged FieldType: 0 Value: '0'
Label: Changed FieldType: 0 Value: '0'
Label: RepliesList FieldType: 15 Value: '<pykotor.resource.formats.gff.gff_data.GFFList object at 0x000002BEECEC73A0>'
Label: SoundExists FieldType: 0 Value: '1'
Label: CameraID FieldType: 5 Value: '-1'

Value has changed at '402dxn.mod\kumus.DLG\EntryList\16(-49)\Text': '136402' --> '0'
GFFList counts have changed at: '402dxn.mod\kumus.DLG\ReplyList\9\EntriesList'
Old list length: '6'
New list length: '8'

Extra GFFStruct exists with struct ID '5' in GFFList: '402dxn.mod\kumus.DLG\ReplyList\9\EntriesList'
Contents of new struct:
Label: Index FieldType: 4 Value: '9'
Label: Active FieldType: 11 Value: ''
Label: Active2 FieldType: 11 Value: ''
Label: Param1 FieldType: 5 Value: '0'
Label: Param2 FieldType: 5 Value: '0'
Label: Param3 FieldType: 5 Value: '0'
Label: Param4 FieldType: 5 Value: '0'
Label: Param5 FieldType: 5 Value: '0'
Label: Param1b FieldType: 5 Value: '0'
Label: Param2b FieldType: 5 Value: '0'
Label: Param3b FieldType: 5 Value: '0'
Label: Param4b FieldType: 5 Value: '0'
Label: Param5b FieldType: 5 Value: '0'
Label: Not FieldType: 0 Value: '0'
Label: Not2 FieldType: 0 Value: '0'
Label: Logic FieldType: 5 Value: '0'
Label: ParamStrA FieldType: 10 Value: ''
Label: ParamStrB FieldType: 10 Value: ''
Label: IsChild FieldType: 0 Value: '0'

Extra GFFStruct exists with struct ID '4' in GFFList: '402dxn.mod\kumus.DLG\ReplyList\9\EntriesList'
Contents of new struct:
Label: Index FieldType: 4 Value: '10'
Label: Active FieldType: 11 Value: 'c_con_baodurpm'
Label: Active2 FieldType: 11 Value: ''
Label: Param1 FieldType: 5 Value: '0'
Label: Param2 FieldType: 5 Value: '0'
Label: Param3 FieldType: 5 Value: '0'
Label: Param4 FieldType: 5 Value: '0'
Label: Param5 FieldType: 5 Value: '0'
Label: Param1b FieldType: 5 Value: '0'
Label: Param2b FieldType: 5 Value: '0'
Label: Param3b FieldType: 5 Value: '0'
Label: Param4b FieldType: 5 Value: '0'
Label: Param5b FieldType: 5 Value: '0'
Label: Not FieldType: 0 Value: '0'
Label: Not2 FieldType: 0 Value: '0'
Label: Logic FieldType: 5 Value: '0'
Label: ParamStrA FieldType: 10 Value: ''
Label: ParamStrB FieldType: 10 Value: ''
Label: IsChild FieldType: 0 Value: '0'

	in 402dxn.mod	kumus	DLG
-----------------------------------
Could not load '..\..\..\Knights of the Old Republic II - PyKotor\modules\702kor_dlg.erf'. Reason: Tried to load an unsupported or corrupted file.
--------------------------------------------------------------------------------------------------------------------------------------------------
GFFList counts have changed at: '262tel.mod\atrend1.DLG\ReplyList\2\EntriesList'
Old list length: '2'
New list length: '3'

Extra GFFStruct exists with struct ID '1' in GFFList: '262tel.mod\atrend1.DLG\ReplyList\2\EntriesList'
Contents of new struct:
Label: Index FieldType: 4 Value: '8'
Label: Active FieldType: 11 Value: ''
Label: Active2 FieldType: 11 Value: ''
Label: Param1 FieldType: 5 Value: '0'
Label: Param2 FieldType: 5 Value: '0'
Label: Param3 FieldType: 5 Value: '0'
Label: Param4 FieldType: 5 Value: '0'
Label: Param5 FieldType: 5 Value: '0'
Label: Param1b FieldType: 5 Value: '0'
Label: Param2b FieldType: 5 Value: '0'
Label: Param3b FieldType: 5 Value: '0'
Label: Param4b FieldType: 5 Value: '0'
Label: Param5b FieldType: 5 Value: '0'
Label: Not FieldType: 0 Value: '0'
Label: Not2 FieldType: 0 Value: '0'
Label: Logic FieldType: 5 Value: '0'
Label: ParamStrA FieldType: 10 Value: ''
Label: ParamStrB FieldType: 10 Value: ''
Label: IsChild FieldType: 0 Value: '0'

	in 262tel.mod	atrend1	DLG
-----------------------------------
GFFList counts have changed at: '262tel.mod\atriscs3.DLG\EntryList'
Old list length: '17'
New list length: '18'

Extra GFFStruct exists with struct ID '16' in GFFList: '262tel.mod\atriscs3.DLG\EntryList'
Contents of new struct:
Label: Speaker FieldType: 10 Value: ''
Label: Listener FieldType: 10 Value: 'Sister2Cut'
Label: AnimList FieldType: 15 Value: '<pykotor.resource.formats.gff.gff_data.GFFList object at 0x000002BEEBB95DC0>'
Label: Text FieldType: 12 Value: '136401'
Label: VO_ResRef FieldType: 11 Value: '262atriscs3015'
Label: Script FieldType: 11 Value: 'a_global_set'
Label: Delay FieldType: 4 Value: '4294967295'
Label: Comment FieldType: 10 Value: ''
Label: Sound FieldType: 11 Value: ''
Label: Quest FieldType: 10 Value: ''
Label: PlotIndex FieldType: 5 Value: '-1'
Label: PlotXPPercentage FieldType: 8 Value: '1.0'
Label: WaitFlags FieldType: 4 Value: '0'
Label: CameraAngle FieldType: 4 Value: '0'
Label: FadeType FieldType: 0 Value: '0'
Label: RepliesList FieldType: 15 Value: '<pykotor.resource.formats.gff.gff_data.GFFList object at 0x000002BEEBB973A0>'
Label: SoundExists FieldType: 0 Value: '1'
Label: ActionParam1 FieldType: 5 Value: '1'
Label: ActionParam1b FieldType: 5 Value: '0'
Label: ActionParam2 FieldType: 5 Value: '0'
Label: ActionParam2b FieldType: 5 Value: '0'
Label: ActionParam3 FieldType: 5 Value: '0'
Label: ActionParam3b FieldType: 5 Value: '0'
Label: ActionParam4 FieldType: 5 Value: '0'
Label: ActionParam4b FieldType: 5 Value: '0'
Label: ActionParam5 FieldType: 5 Value: '0'
Label: ActionParam5b FieldType: 5 Value: '0'
Label: ActionParamStrA FieldType: 10 Value: '000_Atriscs3'
Label: ActionParamStrB FieldType: 10 Value: ''
Label: AlienRaceNode FieldType: 5 Value: '0'
Label: CamVidEffect FieldType: 5 Value: '-1'
Label: Changed FieldType: 0 Value: '0'
Label: Emotion FieldType: 5 Value: '4'
Label: FacialAnim FieldType: 5 Value: '0'
Label: NodeID FieldType: 5 Value: '0'
Label: NodeUnskippable FieldType: 5 Value: '0'
Label: PostProcNode FieldType: 5 Value: '0'
Label: RecordNoOverri FieldType: 5 Value: '0'
Label: RecordVO FieldType: 5 Value: '0'
Label: Script2 FieldType: 11 Value: ''
Label: VOTextChanged FieldType: 5 Value: '0'
Label: CameraID FieldType: 5 Value: '-1'
Label: RecordNoVOOverri FieldType: 5 Value: '0'

Value has changed at '262tel.mod\atriscs3.DLG\EntryList\16\Text': '136401' --> '0'
Value has changed at '262tel.mod\atriscs3.DLG\ReplyList\0\Text': '-1' --> ''
Value has changed at '262tel.mod\atriscs3.DLG\ReplyList\2\Text': '-1' --> ''
Value has changed at '262tel.mod\atriscs3.DLG\ReplyList\3\Text': '-1' --> ''
Value has changed at '262tel.mod\atriscs3.DLG\ReplyList\4\Text': '-1' --> ''
Value has changed at '262tel.mod\atriscs3.DLG\ReplyList\5\Text': '-1' --> ''
Value has changed at '262tel.mod\atriscs3.DLG\ReplyList\6\Text': '-1' --> ''
Value has changed at '262tel.mod\atriscs3.DLG\ReplyList\7\Text': '-1' --> ''
Value has changed at '262tel.mod\atriscs3.DLG\ReplyList\8\Text': '-1' --> ''
Value has changed at '262tel.mod\atriscs3.DLG\ReplyList\9\Text': '-1' --> ''
Value has changed at '262tel.mod\atriscs3.DLG\ReplyList\10\Text': '-1' --> ''
Value has changed at '262tel.mod\atriscs3.DLG\ReplyList\11\Text': '-1' --> ''
GFFList counts have changed at: '262tel.mod\atriscs3.DLG\ReplyList\11\EntriesList'
Old list length: '2'
New list length: '3'

Extra GFFStruct exists with struct ID '1' in GFFList: '262tel.mod\atriscs3.DLG\ReplyList\11\EntriesList'
Contents of new struct:
Label: Index FieldType: 4 Value: '16'
Label: Active FieldType: 11 Value: ''
Label: IsChild FieldType: 0 Value: '0'
Label: Active2 FieldType: 11 Value: ''
Label: Param1 FieldType: 5 Value: '0'
Label: Param1b FieldType: 5 Value: '0'
Label: Param2 FieldType: 5 Value: '0'
Label: Param2b FieldType: 5 Value: '0'
Label: Param3 FieldType: 5 Value: '0'
Label: Param3b FieldType: 5 Value: '0'
Label: Param4 FieldType: 5 Value: '0'
Label: Param4b FieldType: 5 Value: '0'
Label: Param5 FieldType: 5 Value: '0'
Label: Param5b FieldType: 5 Value: '0'
Label: ParamStrA FieldType: 10 Value: ''
Label: ParamStrB FieldType: 10 Value: ''
Label: Not FieldType: 0 Value: '0'
Label: Not2 FieldType: 0 Value: '0'
Label: Logic FieldType: 5 Value: '0'

Value has changed at '262tel.mod\atriscs3.DLG\ReplyList\12\Text': '-1' --> ''
Value has changed at '262tel.mod\atriscs3.DLG\ReplyList\13\Text': '-1' --> ''
	in 262tel.mod	atriscs3	DLG
-------------------------------------------
Value has changed at '262tel.mod\atrend2.DLG\EntryList\0\ActionParam1b': '3' --> '0'
Missing field at '262tel.mod\atrend2.DLG\EntryList\0\SoundExists'. Field Type: 'None' Value: 'None'
Value has changed at '262tel.mod\atrend2.DLG\EntryList\0\Script2': 'a_atris_animfix' --> ''
GFFList counts have changed at: '262tel.mod\atrend2.DLG\EntryList\0\AnimList'
Old list length: '2'
New list length: '0'

Missing GFFStruct with struct ID '0' in GFFList: '262tel.mod\atrend2.DLG\EntryList\0\AnimList'
Contents of old struct:
Label: Participant FieldType: 10 Value: 'Atris'
Label: Animation FieldType: 2 Value: '10148'

Missing GFFStruct with struct ID '0' in GFFList: '262tel.mod\atrend2.DLG\EntryList\0\AnimList'
Contents of old struct:
Label: Participant FieldType: 10 Value: 'Handmaiden'
Label: Animation FieldType: 2 Value: '10148'

Value has changed at '262tel.mod\atrend2.DLG\EntryList\1\Script': 'a_atris_animfix' --> ''
GFFList counts have changed at: '262tel.mod\atrend2.DLG\EntryList\1\AnimList'
Old list length: '1'
New list length: '0'

Missing GFFStruct with struct ID '0' in GFFList: '262tel.mod\atrend2.DLG\EntryList\1\AnimList'
Contents of old struct:
Label: Participant FieldType: 10 Value: 'Handmaiden'
Label: Animation FieldType: 2 Value: '10148'

Missing field at '262tel.mod\atrend2.DLG\EntryList\1\CameraID'. Field Type: 'None' Value: 'None'
Value has changed at '262tel.mod\atrend2.DLG\EntryList\1\CameraAngle': '6' --> '0'
Value has changed at '262tel.mod\atrend2.DLG\EntryList\1\ActionParam1': '4' --> '0'
GFFList counts have changed at: '262tel.mod\atrend2.DLG\ReplyList\3\EntriesList'
Old list length: '2'
New list length: '3'

Extra GFFStruct exists with struct ID '1' in GFFList: '262tel.mod\atrend2.DLG\ReplyList\3\EntriesList'
Contents of new struct:
Label: Index FieldType: 4 Value: '8'
Label: Active FieldType: 11 Value: ''
Label: Active2 FieldType: 11 Value: ''
Label: Param1 FieldType: 5 Value: '0'
Label: Param2 FieldType: 5 Value: '0'
Label: Param3 FieldType: 5 Value: '0'
Label: Param4 FieldType: 5 Value: '0'
Label: Param5 FieldType: 5 Value: '0'
Label: Param1b FieldType: 5 Value: '0'
Label: Param2b FieldType: 5 Value: '0'
Label: Param3b FieldType: 5 Value: '0'
Label: Param4b FieldType: 5 Value: '0'
Label: Param5b FieldType: 5 Value: '0'
Label: Not FieldType: 0 Value: '0'
Label: Not2 FieldType: 0 Value: '0'
Label: Logic FieldType: 5 Value: '0'
Label: ParamStrA FieldType: 10 Value: ''
Label: ParamStrB FieldType: 10 Value: ''
Label: IsChild FieldType: 0 Value: '0'

	in 262tel.mod	atrend2	DLG
-----------------------------------
GFFList counts have changed at: '907mal.mod\907krepart.DLG\EntryList'
Old list length: '55'
New list length: '56'

Extra GFFStruct exists with struct ID '54' in GFFList: '907mal.mod\907krepart.DLG\EntryList'
Contents of new struct:
Label: Speaker FieldType: 10 Value: 'Disciple'
Label: Listener FieldType: 10 Value: ''
Label: AnimList FieldType: 15 Value: '<pykotor.resource.formats.gff.gff_data.GFFList object at 0x000002BEEBCED690>'
Label: Text FieldType: 12 Value: 'Wasted pawn of the Republic...'
Label: VO_ResRef FieldType: 11 Value: '904904KREIA995'
Label: Script FieldType: 11 Value: ''
Label: Delay FieldType: 4 Value: '4294967295'
Label: Comment FieldType: 10 Value: ''
Label: Sound FieldType: 11 Value: ''
Label: Quest FieldType: 10 Value: ''
Label: PlotIndex FieldType: 5 Value: '-1'
Label: PlotXPPercentage FieldType: 8 Value: '1.0'
Label: WaitFlags FieldType: 4 Value: '0'
Label: CameraAngle FieldType: 4 Value: '1'
Label: FadeType FieldType: 0 Value: '0'
Label: RepliesList FieldType: 15 Value: '<pykotor.resource.formats.gff.gff_data.GFFList object at 0x000002BEEBCEDC80>'
Label: SoundExists FieldType: 0 Value: '1'
Label: ActionParam1 FieldType: 5 Value: '0'
Label: ActionParam1b FieldType: 5 Value: '0'
Label: ActionParam2 FieldType: 5 Value: '0'
Label: ActionParam2b FieldType: 5 Value: '0'
Label: ActionParam3 FieldType: 5 Value: '0'
Label: ActionParam3b FieldType: 5 Value: '0'
Label: ActionParam4 FieldType: 5 Value: '0'
Label: ActionParam4b FieldType: 5 Value: '0'
Label: ActionParam5 FieldType: 5 Value: '0'
Label: ActionParam5b FieldType: 5 Value: '0'
Label: ActionParamStrA FieldType: 10 Value: 'Disciple'
Label: ActionParamStrB FieldType: 10 Value: 'Mira'
Label: AlienRaceNode FieldType: 5 Value: '0'
Label: CamVidEffect FieldType: 5 Value: '-1'
Label: Changed FieldType: 0 Value: '0'
Label: Emotion FieldType: 5 Value: '4'
Label: FacialAnim FieldType: 5 Value: '0'
Label: NodeID FieldType: 5 Value: '0'
Label: NodeUnskippable FieldType: 5 Value: '0'
Label: PostProcNode FieldType: 5 Value: '0'
Label: RecordNoOverri FieldType: 5 Value: '0'
Label: RecordVO FieldType: 5 Value: '0'
Label: Script2 FieldType: 11 Value: ''
Label: VOTextChanged FieldType: 5 Value: '0'
Label: CameraID FieldType: 5 Value: '-1'
Label: RecordNoVOOverri FieldType: 5 Value: '0'

GFFList counts have changed at: '907mal.mod\907krepart.DLG\EntryList\25\AnimList'
Old list length: '1'
New list length: '0'

Missing GFFStruct with struct ID '0' in GFFList: '907mal.mod\907krepart.DLG\EntryList\25\AnimList'
Contents of old struct:
Label: Participant FieldType: 10 Value: 'Handmaiden'
Label: Animation FieldType: 2 Value: '10148'

GFFList counts have changed at: '907mal.mod\907krepart.DLG\EntryList\26\AnimList'
Old list length: '2'
New list length: '0'

Missing GFFStruct with struct ID '0' in GFFList: '907mal.mod\907krepart.DLG\EntryList\26\AnimList'
Contents of old struct:
Label: Participant FieldType: 10 Value: 'VisasMarr'
Label: Animation FieldType: 2 Value: '10148'

Missing GFFStruct with struct ID '0' in GFFList: '907mal.mod\907krepart.DLG\EntryList\26\AnimList'
Contents of old struct:
Label: Participant FieldType: 10 Value: 'Mira'
Label: Animation FieldType: 2 Value: '10148'

GFFList counts have changed at: '907mal.mod\907krepart.DLG\EntryList\27\AnimList'
Old list length: '1'
New list length: '0'

Missing GFFStruct with struct ID '0' in GFFList: '907mal.mod\907krepart.DLG\EntryList\27\AnimList'
Contents of old struct:
Label: Participant FieldType: 10 Value: 'VisasMarr'
Label: Animation FieldType: 2 Value: '10148'

GFFList counts have changed at: '907mal.mod\907krepart.DLG\EntryList\28\AnimList'
Old list length: '1'
New list length: '0'

Missing GFFStruct with struct ID '0' in GFFList: '907mal.mod\907krepart.DLG\EntryList\28\AnimList'
Contents of old struct:
Label: Participant FieldType: 10 Value: 'VisasMarr'
Label: Animation FieldType: 2 Value: '10148'

GFFList counts have changed at: '907mal.mod\907krepart.DLG\EntryList\29\AnimList'
Old list length: '1'
New list length: '0'

Missing GFFStruct with struct ID '0' in GFFList: '907mal.mod\907krepart.DLG\EntryList\29\AnimList'
Contents of old struct:
Label: Participant FieldType: 10 Value: 'VisasMarr'
Label: Animation FieldType: 2 Value: '10148'

GFFList counts have changed at: '907mal.mod\907krepart.DLG\EntryList\30\AnimList'
Old list length: '1'
New list length: '0'

Missing GFFStruct with struct ID '0' in GFFList: '907mal.mod\907krepart.DLG\EntryList\30\AnimList'
Contents of old struct:
Label: Participant FieldType: 10 Value: 'VisasMarr'
Label: Animation FieldType: 2 Value: '10148'

GFFList counts have changed at: '907mal.mod\907krepart.DLG\EntryList\31\AnimList'
Old list length: '1'
New list length: '0'

Missing GFFStruct with struct ID '0' in GFFList: '907mal.mod\907krepart.DLG\EntryList\31\AnimList'
Contents of old struct:
Label: Participant FieldType: 10 Value: 'VisasMarr'
Label: Animation FieldType: 2 Value: '10148'

GFFList counts have changed at: '907mal.mod\907krepart.DLG\EntryList\32\AnimList'
Old list length: '1'
New list length: '0'

Missing GFFStruct with struct ID '0' in GFFList: '907mal.mod\907krepart.DLG\EntryList\32\AnimList'
Contents of old struct:
Label: Participant FieldType: 10 Value: 'VisasMarr'
Label: Animation FieldType: 2 Value: '10148'

GFFList counts have changed at: '907mal.mod\907krepart.DLG\EntryList\33\AnimList'
Old list length: '1'
New list length: '0'

Missing GFFStruct with struct ID '0' in GFFList: '907mal.mod\907krepart.DLG\EntryList\33\AnimList'
Contents of old struct:
Label: Participant FieldType: 10 Value: 'VisasMarr'
Label: Animation FieldType: 2 Value: '10148'

GFFList counts have changed at: '907mal.mod\907krepart.DLG\EntryList\34\AnimList'
Old list length: '1'
New list length: '0'

Missing GFFStruct with struct ID '0' in GFFList: '907mal.mod\907krepart.DLG\EntryList\34\AnimList'
Contents of old struct:
Label: Participant FieldType: 10 Value: 'VisasMarr'
Label: Animation FieldType: 2 Value: '10148'

GFFList counts have changed at: '907mal.mod\907krepart.DLG\EntryList\35\AnimList'
Old list length: '1'
New list length: '0'

Missing GFFStruct with struct ID '0' in GFFList: '907mal.mod\907krepart.DLG\EntryList\35\AnimList'
Contents of old struct:
Label: Participant FieldType: 10 Value: 'VisasMarr'
Label: Animation FieldType: 2 Value: '10148'

GFFList counts have changed at: '907mal.mod\907krepart.DLG\EntryList\38\AnimList'
Old list length: '1'
New list length: '0'

Missing GFFStruct with struct ID '0' in GFFList: '907mal.mod\907krepart.DLG\EntryList\38\AnimList'
Contents of old struct:
Label: Participant FieldType: 10 Value: 'Mira'
Label: Animation FieldType: 2 Value: '10407'

GFFList counts have changed at: '907mal.mod\907krepart.DLG\EntryList\39\AnimList'
Old list length: '1'
New list length: '0'

Missing GFFStruct with struct ID '0' in GFFList: '907mal.mod\907krepart.DLG\EntryList\39\AnimList'
Contents of old struct:
Label: Participant FieldType: 10 Value: 'Handmaiden'
Label: Animation FieldType: 2 Value: '10408'

GFFList counts have changed at: '907mal.mod\907krepart.DLG\EntryList\40\AnimList'
Old list length: '1'
New list length: '0'

Missing GFFStruct with struct ID '0' in GFFList: '907mal.mod\907krepart.DLG\EntryList\40\AnimList'
Contents of old struct:
Label: Participant FieldType: 10 Value: 'VisasMarr'
Label: Animation FieldType: 2 Value: '10030'

GFFList counts have changed at: '907mal.mod\907krepart.DLG\EntryList\41\AnimList'
Old list length: '1'
New list length: '0'

Missing GFFStruct with struct ID '0' in GFFList: '907mal.mod\907krepart.DLG\EntryList\41\AnimList'
Contents of old struct:
Label: Participant FieldType: 10 Value: 'Atton'
Label: Animation FieldType: 2 Value: '10040'

GFFList counts have changed at: '907mal.mod\907krepart.DLG\EntryList\47\AnimList'
Old list length: '1'
New list length: '0'

Missing GFFStruct with struct ID '0' in GFFList: '907mal.mod\907krepart.DLG\EntryList\47\AnimList'
Contents of old struct:
Label: Participant FieldType: 10 Value: 'Disciple'
Label: Animation FieldType: 2 Value: '10148'

GFFList counts have changed at: '907mal.mod\907krepart.DLG\EntryList\48\AnimList'
Old list length: '1'
New list length: '0'

Missing GFFStruct with struct ID '0' in GFFList: '907mal.mod\907krepart.DLG\EntryList\48\AnimList'
Contents of old struct:
Label: Participant FieldType: 10 Value: 'VisasMarr'
Label: Animation FieldType: 2 Value: '10148'

GFFList counts have changed at: '907mal.mod\907krepart.DLG\EntryList\49\AnimList'
Old list length: '1'
New list length: '0'

Missing GFFStruct with struct ID '0' in GFFList: '907mal.mod\907krepart.DLG\EntryList\49\AnimList'
Contents of old struct:
Label: Participant FieldType: 10 Value: 'Disciple'
Label: Animation FieldType: 2 Value: '10408'

GFFList counts have changed at: '907mal.mod\907krepart.DLG\ReplyList'
Old list length: '46'
New list length: '47'

Extra GFFStruct exists with struct ID '45' in GFFList: '907mal.mod\907krepart.DLG\ReplyList'
Contents of new struct:
Label: Listener FieldType: 10 Value: ''
Label: AnimList FieldType: 15 Value: '<pykotor.resource.formats.gff.gff_data.GFFList object at 0x000002BEECEE7760>'
Label: Text FieldType: 12 Value: '-1'
Label: VO_ResRef FieldType: 11 Value: ''
Label: Script FieldType: 11 Value: ''
Label: Delay FieldType: 4 Value: '4294967295'
Label: Comment FieldType: 10 Value: ''
Label: Sound FieldType: 11 Value: ''
Label: Quest FieldType: 10 Value: ''
Label: PlotIndex FieldType: 5 Value: '-1'
Label: PlotXPPercentage FieldType: 8 Value: '1.0'
Label: WaitFlags FieldType: 4 Value: '0'
Label: CameraAngle FieldType: 4 Value: '0'
Label: FadeType FieldType: 0 Value: '0'
Label: EntriesList FieldType: 15 Value: '<pykotor.resource.formats.gff.gff_data.GFFList object at 0x000002BEECEE7D00>'
Label: SoundExists FieldType: 0 Value: '0'
Label: ActionParam1 FieldType: 5 Value: '0'
Label: ActionParam1b FieldType: 5 Value: '0'
Label: ActionParam2 FieldType: 5 Value: '0'
Label: ActionParam2b FieldType: 5 Value: '0'
Label: ActionParam3 FieldType: 5 Value: '0'
Label: ActionParam3b FieldType: 5 Value: '0'
Label: ActionParam4 FieldType: 5 Value: '0'
Label: ActionParam4b FieldType: 5 Value: '0'
Label: ActionParam5 FieldType: 5 Value: '0'
Label: ActionParam5b FieldType: 5 Value: '0'
Label: ActionParamStrA FieldType: 10 Value: ''
Label: ActionParamStrB FieldType: 10 Value: ''
Label: AlienRaceNode FieldType: 5 Value: '0'
Label: CamVidEffect FieldType: 5 Value: '-1'
Label: Changed FieldType: 0 Value: '0'
Label: Emotion FieldType: 5 Value: '4'
Label: FacialAnim FieldType: 5 Value: '0'
Label: NodeID FieldType: 5 Value: '0'
Label: NodeUnskippable FieldType: 5 Value: '0'
Label: PostProcNode FieldType: 5 Value: '0'
Label: RecordNoOverri FieldType: 5 Value: '0'
Label: RecordVO FieldType: 5 Value: '0'
Label: Script2 FieldType: 11 Value: ''
Label: VOTextChanged FieldType: 5 Value: '0'

GFFList counts have changed at: '907mal.mod\907krepart.DLG\ReplyList\6\EntriesList'
Old list length: '2'
New list length: '3'

Extra GFFStruct exists with struct ID '1' in GFFList: '907mal.mod\907krepart.DLG\ReplyList\6\EntriesList'
Contents of new struct:
Label: Index FieldType: 4 Value: '8'
Label: Active FieldType: 11 Value: ''
Label: Active2 FieldType: 11 Value: ''
Label: Param1 FieldType: 5 Value: '0'
Label: Param2 FieldType: 5 Value: '0'
Label: Param3 FieldType: 5 Value: '0'
Label: Param4 FieldType: 5 Value: '0'
Label: Param5 FieldType: 5 Value: '0'
Label: Param1b FieldType: 5 Value: '0'
Label: Param2b FieldType: 5 Value: '0'
Label: Param3b FieldType: 5 Value: '0'
Label: Param4b FieldType: 5 Value: '0'
Label: Param5b FieldType: 5 Value: '0'
Label: Not FieldType: 0 Value: '0'
Label: Not2 FieldType: 0 Value: '0'
Label: Logic FieldType: 5 Value: '0'
Label: ParamStrA FieldType: 10 Value: ''
Label: ParamStrB FieldType: 10 Value: ''
Label: IsChild FieldType: 0 Value: '0'

GFFList counts have changed at: '907mal.mod\907krepart.DLG\ReplyList\23\EntriesList'
Old list length: '7'
New list length: '12'

Extra GFFStruct exists with struct ID '6' in GFFList: '907mal.mod\907krepart.DLG\ReplyList\23\EntriesList'
Contents of new struct:
Label: Index FieldType: 4 Value: '29'
Label: Active FieldType: 11 Value: 'c_isfemale'
Label: Active2 FieldType: 11 Value: ''
Label: Param1 FieldType: 5 Value: '0'
Label: Param2 FieldType: 5 Value: '0'
Label: Param3 FieldType: 5 Value: '0'
Label: Param4 FieldType: 5 Value: '0'
Label: Param5 FieldType: 5 Value: '0'
Label: Param1b FieldType: 5 Value: '0'
Label: Param2b FieldType: 5 Value: '0'
Label: Param3b FieldType: 5 Value: '0'
Label: Param4b FieldType: 5 Value: '0'
Label: Param5b FieldType: 5 Value: '0'
Label: Not FieldType: 0 Value: '0'
Label: Not2 FieldType: 0 Value: '0'
Label: Logic FieldType: 5 Value: '0'
Label: ParamStrA FieldType: 10 Value: ''
Label: ParamStrB FieldType: 10 Value: ''
Label: IsChild FieldType: 0 Value: '0'

Extra GFFStruct exists with struct ID '5' in GFFList: '907mal.mod\907krepart.DLG\ReplyList\23\EntriesList'
Contents of new struct:
Label: Index FieldType: 4 Value: '46'
Label: Active FieldType: 11 Value: ''
Label: IsChild FieldType: 0 Value: '0'
Label: Active2 FieldType: 11 Value: ''
Label: Param1 FieldType: 5 Value: '0'
Label: Param1b FieldType: 5 Value: '0'
Label: Param2 FieldType: 5 Value: '0'
Label: Param2b FieldType: 5 Value: '0'
Label: Param3 FieldType: 5 Value: '0'
Label: Param3b FieldType: 5 Value: '0'
Label: Param4 FieldType: 5 Value: '0'
Label: Param4b FieldType: 5 Value: '0'
Label: Param5 FieldType: 5 Value: '0'
Label: Param5b FieldType: 5 Value: '0'
Label: ParamStrA FieldType: 10 Value: ''
Label: ParamStrB FieldType: 10 Value: ''
Label: Not FieldType: 0 Value: '0'
Label: Not2 FieldType: 0 Value: '0'
Label: Logic FieldType: 5 Value: '0'

Extra GFFStruct exists with struct ID '4' in GFFList: '907mal.mod\907krepart.DLG\ReplyList\23\EntriesList'
Contents of new struct:
Label: Index FieldType: 4 Value: '50'
Label: Active FieldType: 11 Value: 'c_npc_avail'
Label: IsChild FieldType: 0 Value: '0'
Label: Active2 FieldType: 11 Value: 'c_global_lt'
Label: Param1 FieldType: 5 Value: '0'
Label: Param1b FieldType: 5 Value: '4'
Label: Param2 FieldType: 5 Value: '0'
Label: Param2b FieldType: 5 Value: '0'
Label: Param3 FieldType: 5 Value: '0'
Label: Param3b FieldType: 5 Value: '0'
Label: Param4 FieldType: 5 Value: '0'
Label: Param4b FieldType: 5 Value: '0'
Label: Param5 FieldType: 5 Value: '0'
Label: Param5b FieldType: 5 Value: '0'
Label: ParamStrA FieldType: 10 Value: ''
Label: ParamStrB FieldType: 10 Value: '003EBO_Disciple_Atton'
Label: Not FieldType: 0 Value: '0'
Label: Not2 FieldType: 0 Value: '0'
Label: Logic FieldType: 5 Value: '0'

Extra GFFStruct exists with struct ID '3' in GFFList: '907mal.mod\907krepart.DLG\ReplyList\23\EntriesList'
Contents of new struct:
Label: Index FieldType: 4 Value: '42'
Label: Active FieldType: 11 Value: 'c_npc_avail'
Label: IsChild FieldType: 0 Value: '0'
Label: Active2 FieldType: 11 Value: 'c_is_valid'
Label: Param1 FieldType: 5 Value: '7'
Label: Param1b FieldType: 5 Value: '0'
Label: Param2 FieldType: 5 Value: '0'
Label: Param2b FieldType: 5 Value: '0'
Label: Param3 FieldType: 5 Value: '0'
Label: Param3b FieldType: 5 Value: '0'
Label: Param4 FieldType: 5 Value: '0'
Label: Param4b FieldType: 5 Value: '0'
Label: Param5 FieldType: 5 Value: '0'
Label: Param5b FieldType: 5 Value: '0'
Label: ParamStrA FieldType: 10 Value: ''
Label: ParamStrB FieldType: 10 Value: 'Mira'
Label: Not FieldType: 0 Value: '0'
Label: Not2 FieldType: 0 Value: '0'
Label: Logic FieldType: 5 Value: '0'

Extra GFFStruct exists with struct ID '2' in GFFList: '907mal.mod\907krepart.DLG\ReplyList\23\EntriesList'
Contents of new struct:
Label: Index FieldType: 4 Value: '31'
Label: Active FieldType: 11 Value: 'c_npc_avail'
Label: Active2 FieldType: 11 Value: ''
Label: Param1 FieldType: 5 Value: '9'
Label: Param2 FieldType: 5 Value: '0'
Label: Param3 FieldType: 5 Value: '0'
Label: Param4 FieldType: 5 Value: '0'
Label: Param5 FieldType: 5 Value: '0'
Label: Param1b FieldType: 5 Value: '0'
Label: Param2b FieldType: 5 Value: '0'
Label: Param3b FieldType: 5 Value: '0'
Label: Param4b FieldType: 5 Value: '0'
Label: Param5b FieldType: 5 Value: '0'
Label: Not FieldType: 0 Value: '0'
Label: Not2 FieldType: 0 Value: '0'
Label: Logic FieldType: 5 Value: '0'
Label: ParamStrA FieldType: 10 Value: ''
Label: ParamStrB FieldType: 10 Value: ''
Label: IsChild FieldType: 0 Value: '0'
Label: LinkComment FieldType: 10 Value: ''

GFFList counts have changed at: '907mal.mod\907krepart.DLG\ReplyList\26\EntriesList'
Old list length: '5'
New list length: '6'

Extra GFFStruct exists with struct ID '4' in GFFList: '907mal.mod\907krepart.DLG\ReplyList\26\EntriesList'
Contents of new struct:
Label: Index FieldType: 4 Value: '45'
Label: Active FieldType: 11 Value: ''
Label: IsChild FieldType: 0 Value: '0'
Label: Active2 FieldType: 11 Value: ''
Label: Param1 FieldType: 5 Value: '0'
Label: Param1b FieldType: 5 Value: '0'
Label: Param2 FieldType: 5 Value: '0'
Label: Param2b FieldType: 5 Value: '0'
Label: Param3 FieldType: 5 Value: '0'
Label: Param3b FieldType: 5 Value: '0'
Label: Param4 FieldType: 5 Value: '0'
Label: Param4b FieldType: 5 Value: '0'
Label: Param5 FieldType: 5 Value: '0'
Label: Param5b FieldType: 5 Value: '0'
Label: ParamStrA FieldType: 10 Value: ''
Label: ParamStrB FieldType: 10 Value: ''
Label: Not FieldType: 0 Value: '0'
Label: Not2 FieldType: 0 Value: '0'
Label: Logic FieldType: 5 Value: '0'

GFFList counts have changed at: '907mal.mod\907krepart.DLG\ReplyList\35\EntriesList'
Old list length: '6'
New list length: '7'

Extra GFFStruct exists with struct ID '5' in GFFList: '907mal.mod\907krepart.DLG\ReplyList\35\EntriesList'
Contents of new struct:
Label: Index FieldType: 4 Value: '45'
Label: Active FieldType: 11 Value: ''
Label: IsChild FieldType: 0 Value: '0'
Label: Active2 FieldType: 11 Value: ''
Label: Param1 FieldType: 5 Value: '0'
Label: Param1b FieldType: 5 Value: '0'
Label: Param2 FieldType: 5 Value: '0'
Label: Param2b FieldType: 5 Value: '0'
Label: Param3 FieldType: 5 Value: '0'
Label: Param3b FieldType: 5 Value: '0'
Label: Param4 FieldType: 5 Value: '0'
Label: Param4b FieldType: 5 Value: '0'
Label: Param5 FieldType: 5 Value: '0'
Label: Param5b FieldType: 5 Value: '0'
Label: ParamStrA FieldType: 10 Value: ''
Label: ParamStrB FieldType: 10 Value: ''
Label: Not FieldType: 0 Value: '0'
Label: Not2 FieldType: 0 Value: '0'
Label: Logic FieldType: 5 Value: '0'

GFFList counts have changed at: '907mal.mod\907krepart.DLG\ReplyList\42\EntriesList'
Old list length: '6'
New list length: '10'

Extra GFFStruct exists with struct ID '5' in GFFList: '907mal.mod\907krepart.DLG\ReplyList\42\EntriesList'
Contents of new struct:
Label: Index FieldType: 4 Value: '27'
Label: Active FieldType: 11 Value: 'c_ismale'
Label: Active2 FieldType: 11 Value: ''
Label: Param1 FieldType: 5 Value: '0'
Label: Param2 FieldType: 5 Value: '0'
Label: Param3 FieldType: 5 Value: '0'
Label: Param4 FieldType: 5 Value: '0'
Label: Param5 FieldType: 5 Value: '0'
Label: Param1b FieldType: 5 Value: '0'
Label: Param2b FieldType: 5 Value: '0'
Label: Param3b FieldType: 5 Value: '0'
Label: Param4b FieldType: 5 Value: '0'
Label: Param5b FieldType: 5 Value: '0'
Label: Not FieldType: 0 Value: '0'
Label: Not2 FieldType: 0 Value: '0'
Label: Logic FieldType: 5 Value: '0'
Label: ParamStrA FieldType: 10 Value: ''
Label: ParamStrB FieldType: 10 Value: ''
Label: IsChild FieldType: 0 Value: '0'

Extra GFFStruct exists with struct ID '4' in GFFList: '907mal.mod\907krepart.DLG\ReplyList\42\EntriesList'
Contents of new struct:
Label: Index FieldType: 4 Value: '46'
Label: Active FieldType: 11 Value: ''
Label: IsChild FieldType: 0 Value: '0'
Label: Active2 FieldType: 11 Value: ''
Label: Param1 FieldType: 5 Value: '0'
Label: Param1b FieldType: 5 Value: '0'
Label: Param2 FieldType: 5 Value: '0'
Label: Param2b FieldType: 5 Value: '0'
Label: Param3 FieldType: 5 Value: '0'
Label: Param3b FieldType: 5 Value: '0'
Label: Param4 FieldType: 5 Value: '0'
Label: Param4b FieldType: 5 Value: '0'
Label: Param5 FieldType: 5 Value: '0'
Label: Param5b FieldType: 5 Value: '0'
Label: ParamStrA FieldType: 10 Value: ''
Label: ParamStrB FieldType: 10 Value: ''
Label: Not FieldType: 0 Value: '0'
Label: Not2 FieldType: 0 Value: '0'
Label: Logic FieldType: 5 Value: '0'

Extra GFFStruct exists with struct ID '3' in GFFList: '907mal.mod\907krepart.DLG\ReplyList\42\EntriesList'
Contents of new struct:
Label: Index FieldType: 4 Value: '50'
Label: Active FieldType: 11 Value: 'c_npc_avail'
Label: IsChild FieldType: 0 Value: '0'
Label: Active2 FieldType: 11 Value: 'c_global_lt'
Label: Param1 FieldType: 5 Value: '0'
Label: Param1b FieldType: 5 Value: '4'
Label: Param2 FieldType: 5 Value: '0'
Label: Param2b FieldType: 5 Value: '0'
Label: Param3 FieldType: 5 Value: '0'
Label: Param3b FieldType: 5 Value: '0'
Label: Param4 FieldType: 5 Value: '0'
Label: Param4b FieldType: 5 Value: '0'
Label: Param5 FieldType: 5 Value: '0'
Label: Param5b FieldType: 5 Value: '0'
Label: ParamStrA FieldType: 10 Value: ''
Label: ParamStrB FieldType: 10 Value: '003EBO_Disciple_Atton'
Label: Not FieldType: 0 Value: '0'
Label: Not2 FieldType: 0 Value: '0'
Label: Logic FieldType: 5 Value: '0'

Extra GFFStruct exists with struct ID '2' in GFFList: '907mal.mod\907krepart.DLG\ReplyList\42\EntriesList'
Contents of new struct:
Label: Index FieldType: 4 Value: '42'
Label: Active FieldType: 11 Value: 'c_npc_avail'
Label: IsChild FieldType: 0 Value: '0'
Label: Active2 FieldType: 11 Value: 'c_is_valid'
Label: Param1 FieldType: 5 Value: '7'
Label: Param1b FieldType: 5 Value: '0'
Label: Param2 FieldType: 5 Value: '0'
Label: Param2b FieldType: 5 Value: '0'
Label: Param3 FieldType: 5 Value: '0'
Label: Param3b FieldType: 5 Value: '0'
Label: Param4 FieldType: 5 Value: '0'
Label: Param4b FieldType: 5 Value: '0'
Label: Param5 FieldType: 5 Value: '0'
Label: Param5b FieldType: 5 Value: '0'
Label: ParamStrA FieldType: 10 Value: ''
Label: ParamStrB FieldType: 10 Value: 'Mira'
Label: Not FieldType: 0 Value: '0'
Label: Not2 FieldType: 0 Value: '0'
Label: Logic FieldType: 5 Value: '0'

Value has changed at '907mal.mod\907krepart.DLG\ReplyList\45\Text': '-1' --> ''
	in 907mal.mod	907krepart	DLG
-------------------------------------------
Loading TLK 'C:\Program Files (x86)\Steam\steamapps\common\Knights of the Old Republic II - PyKotor\dialog.tlk'
Loading TLK 'C:\Program Files (x86)\Steam\steamapps\common\Knights of the Old Republic II\dialog.tlk'
Diffing dialog.tlk files...
dialog.tlk files match
--------------------
Finding differences in the modules folders...
Searching first install dir: C:\Program Files (x86)\Steam\steamapps\common\Knights of the Old Republic II\modules
Searching second install dir: C:\Program Files (x86)\Steam\steamapps\common\Knights of the Old Republic II\modules
------------------------------------------------------------------------------------------------------------------
Loading TLK 'C:\Program Files (x86)\Steam\steamapps\common\Knights of the Old Republic II\dialog.tlk'
Loading TLK 'C:\Program Files (x86)\Steam\steamapps\common\Knights of the Old Republic II\dialog.tlk'
Diffing dialog.tlk files...
dialog.tlk files match
--------------------
